2022-02-01 15:57:55,794 - INFO - client - Запуск клиента - обработка параметров командной строки... 
2022-02-01 15:57:55,800 - INFO - client - Подключен клиент к серверу с параметрами ('127.0.0.1', 7777) 
2022-02-01 15:57:55,801 - Функция "protocol_client" вызвана из функции "main()"
2022-02-01 15:57:55,801 - DEBUG - client - Подготовлен запрос "presence" от "Guest" для отправки серверу 
2022-02-01 15:57:57,814 - DEBUG - client - Отправлен запрос "presence" от "Guest" серверу 
2022-02-01 15:57:57,817 - Функция "analysis_answer" вызвана из функции "main()"
2022-02-01 15:57:57,817 - DEBUG - client - Получен ответ "200 ОК" от сервера (правильный запрос/JSON-объект). 
2022-02-01 15:58:00,820 - Функция "protocol_client" вызвана из функции "main()"
2022-02-01 15:58:00,820 - DEBUG - client - Подготовлен запрос "quit" от "Guest" для отправки серверу 
2022-02-01 15:58:02,823 - DEBUG - client - Отправлен запрос "quit" от "Guest" серверу 
2022-02-01 15:58:02,823 - Функция "analysis_answer" вызвана из функции "main()"
2022-02-01 15:58:02,823 - DEBUG - client - Получен ответ "200 ОК" от сервера (правильный запрос/JSON-объект). 
2022-02-01 15:58:02,823 - WARNING - client - Соединение клиента "Guest" с сервером закрыто 
2022-02-01 16:01:18,111 - INFO - client - Запуск клиента - обработка параметров командной строки... 
2022-02-01 16:01:18,127 - INFO - client - Подключен клиент к серверу с параметрами ('127.0.0.1', 7777) 
2022-02-01 16:01:18,127 - Функция "protocol_client" вызвана из функции "main()"
2022-02-01 16:01:18,127 - DEBUG - client - Подготовлен запрос "presence" от "Guest" для отправки серверу 
2022-02-01 16:01:20,130 - DEBUG - client - Отправлен запрос "presence" от "Guest" серверу 
2022-02-01 16:01:20,130 - Функция "analysis_answer" вызвана из функции "main()"
2022-02-01 16:01:20,130 - DEBUG - client - Получен ответ "200 ОК" от сервера (правильный запрос/JSON-объект). 
2022-02-01 16:01:23,133 - Функция "protocol_client" вызвана из функции "main()"
2022-02-01 16:01:23,133 - DEBUG - client - Подготовлен запрос "quit" от "Guest" для отправки серверу 
2022-02-01 16:01:25,137 - DEBUG - client - Отправлен запрос "quit" от "Guest" серверу 
2022-02-01 16:01:25,137 - Функция "analysis_answer" вызвана из функции "main()"
2022-02-01 16:01:25,137 - DEBUG - client - Получен ответ "200 ОК" от сервера (правильный запрос/JSON-объект). 
2022-02-01 16:01:25,137 - WARNING - client - Соединение клиента "Guest" с сервером закрыто 
2022-02-01 16:04:41,243 - INFO - client - Запуск клиента - обработка параметров командной строки... 
2022-02-01 16:04:41,252 - INFO - client - Подключен клиент к серверу с параметрами ('127.0.0.1', 7777) 
2022-02-01 16:04:41,252 - Функция "protocol_client" вызвана из функции "main()"
2022-02-01 16:04:41,252 - DEBUG - client - Подготовлен запрос "presence" от "Guest" для отправки серверу 
2022-02-01 16:04:43,257 - DEBUG - client - Отправлен запрос "presence" от "Guest" серверу 
2022-02-01 16:04:43,257 - Функция "analysis_answer" вызвана из функции "main()"
2022-02-01 16:04:43,257 - DEBUG - client - Получен ответ "200 ОК" от сервера (правильный запрос/JSON-объект). 
2022-02-01 16:04:46,270 - Функция "protocol_client" вызвана из функции "main()"
2022-02-01 16:04:46,270 - DEBUG - client - Подготовлен запрос "quit" от "Guest" для отправки серверу 
2022-02-01 16:04:48,280 - DEBUG - client - Отправлен запрос "quit" от "Guest" серверу 
2022-02-01 16:04:48,290 - Функция "analysis_answer" вызвана из функции "main()"
2022-02-01 16:04:48,290 - DEBUG - client - Получен ответ "200 ОК" от сервера (правильный запрос/JSON-объект). 
2022-02-01 16:04:48,290 - WARNING - client - Соединение клиента "Guest" с сервером закрыто 
2022-02-01 16:08:07,424 - INFO - client - Запуск клиента - обработка параметров командной строки... 
2022-02-01 16:08:07,440 - INFO - client - Подключен клиент к серверу с параметрами ('127.0.0.1', 7777) 
2022-02-01 16:08:07,440 - Функция "protocol_client" вызвана из функции "main()"
2022-02-01 16:08:07,440 - DEBUG - client - Подготовлен запрос "presence" от "Guest" для отправки серверу 
2022-02-01 16:08:09,441 - DEBUG - client - Отправлен запрос "presence" от "Guest" серверу 
2022-02-01 16:08:09,441 - Функция "analysis_answer" вызвана из функции "main()"
2022-02-01 16:08:09,441 - DEBUG - client - Получен ответ "200 ОК" от сервера (правильный запрос/JSON-объект). 
2022-02-01 16:08:12,451 - Функция "protocol_client" вызвана из функции "main()"
2022-02-01 16:08:12,451 - DEBUG - client - Подготовлен запрос "quit" от "Guest" для отправки серверу 
2022-02-01 16:08:14,470 - DEBUG - client - Отправлен запрос "quit" от "Guest" серверу 
2022-02-01 16:08:14,470 - Функция "analysis_answer" вызвана из функции "main()"
2022-02-01 16:08:14,470 - DEBUG - client - Получен ответ "200 ОК" от сервера (правильный запрос/JSON-объект). 
2022-02-01 16:08:14,470 - WARNING - client - Соединение клиента "Guest" с сервером закрыто 
