2022-02-01 15:57:53,013 - INFO - server - Запуск сервера - обработка параметров командной строки ... 
2022-02-01 15:57:53,013 - INFO - server - Запущен сервер с параметрами ('127.0.0.1', 7777) 
2022-02-01 15:57:57,815 - DEBUG - server - Получен запрос "presence" от клиента "Guest"  
2022-02-01 15:57:57,816 - Функция "protocol_server" вызвана из функции "main()"
2022-02-01 15:57:57,816 - DEBUG - server - Подготовлен ответ "200 ОК" для клиента "Guest" 
2022-02-01 15:57:57,817 - DEBUG - server - Отправлен ответ "200 ОК" клиенту "Guest" 
2022-02-01 15:58:02,823 - DEBUG - server - Получен запрос "quit" от клиента "Guest"  
2022-02-01 15:58:02,823 - Функция "protocol_server" вызвана из функции "main()"
2022-02-01 15:58:02,823 - DEBUG - server - Подготовлен ответ "200 ОК" для клиента "Guest" 
2022-02-01 15:58:02,823 - DEBUG - server - Отправлен ответ "200 ОК" клиенту "Guest" 
2022-02-01 15:58:02,823 - WARNING - server - Соединение с клиентом закрыто 
2022-02-01 16:01:16,011 - INFO - server - Запуск сервера - обработка параметров командной строки ... 
2022-02-01 16:01:16,011 - INFO - server - Запущен сервер с параметрами ('127.0.0.1', 7777) 
2022-02-01 16:01:20,130 - DEBUG - server - Получен запрос "presence" от клиента "Guest"  
2022-02-01 16:01:20,130 - Функция "protocol_server" вызвана из функции "main()"
2022-02-01 16:01:20,130 - DEBUG - server - Подготовлен ответ "200 ОК" для клиента "Guest" 
2022-02-01 16:01:20,130 - DEBUG - server - Отправлен ответ "200 ОК" клиенту "Guest" 
2022-02-01 16:01:25,137 - DEBUG - server - Получен запрос "quit" от клиента "Guest"  
2022-02-01 16:01:25,137 - Функция "protocol_server" вызвана из функции "main()"
2022-02-01 16:01:25,137 - DEBUG - server - Подготовлен ответ "200 ОК" для клиента "Guest" 
2022-02-01 16:01:25,137 - DEBUG - server - Отправлен ответ "200 ОК" клиенту "Guest" 
2022-02-01 16:01:25,137 - WARNING - server - Соединение с клиентом закрыто 
2022-02-01 16:04:36,305 - INFO - server - Запуск сервера - обработка параметров командной строки ... 
2022-02-01 16:04:36,305 - INFO - server - Запущен сервер с параметрами ('127.0.0.1', 7777) 
2022-02-01 16:04:43,257 - DEBUG - server - Получен запрос "presence" от клиента "Guest"  
2022-02-01 16:04:43,257 - Функция "protocol_server" вызвана из функции "main()"
2022-02-01 16:04:43,257 - DEBUG - server - Подготовлен ответ "200 ОК" для клиента "Guest" 
2022-02-01 16:04:43,257 - DEBUG - server - Отправлен ответ "200 ОК" клиенту "Guest" 
2022-02-01 16:04:48,281 - DEBUG - server - Получен запрос "quit" от клиента "Guest"  
2022-02-01 16:04:48,290 - Функция "protocol_server" вызвана из функции "main()"
2022-02-01 16:04:48,290 - DEBUG - server - Подготовлен ответ "200 ОК" для клиента "Guest" 
2022-02-01 16:04:48,290 - DEBUG - server - Отправлен ответ "200 ОК" клиенту "Guest" 
2022-02-01 16:04:48,292 - WARNING - server - Соединение с клиентом закрыто 
2022-02-01 16:08:02,588 - INFO - server - Запуск сервера - обработка параметров командной строки ... 
2022-02-01 16:08:02,588 - INFO - server - Запущен сервер с параметрами ('127.0.0.1', 7777) 
2022-02-01 16:08:09,441 - DEBUG - server - Получен запрос "presence" от клиента "Guest"  
2022-02-01 16:08:09,441 - Функция "protocol_server" вызвана из функции "main()"
2022-02-01 16:08:09,441 - DEBUG - server - Подготовлен ответ "200 ОК" для клиента "Guest" 
2022-02-01 16:08:09,441 - DEBUG - server - Отправлен ответ "200 ОК" клиенту "Guest" 
2022-02-01 16:08:14,470 - DEBUG - server - Получен запрос "quit" от клиента "Guest"  
2022-02-01 16:08:14,470 - Функция "protocol_server" вызвана из функции "main()"
2022-02-01 16:08:14,470 - DEBUG - server - Подготовлен ответ "200 ОК" для клиента "Guest" 
2022-02-01 16:08:14,470 - DEBUG - server - Отправлен ответ "200 ОК" клиенту "Guest" 
2022-02-01 16:08:14,470 - WARNING - server - Соединение с клиентом закрыто 
