2022-02-11 19:46:08,722 - INFO - client - Запуск клиента - обработка параметров командной строки... 
2022-02-11 19:46:08,722 - INFO - client - Подключен клиент к серверу с параметрами ('127.0.0.1', 7777) 
2022-02-11 19:46:08,722 - Функция "protocol_client" вызвана из функции "main()"
2022-02-11 19:46:08,722 - DEBUG - client - Подготовлен запрос "presence" от "5" для отправки серверу 
2022-02-11 19:46:08,722 - INFO - client - Запуск клиента - обработка параметров командной строки... 
2022-02-11 19:46:08,729 - INFO - client - Подключен клиент к серверу с параметрами ('127.0.0.1', 7777) 
2022-02-11 19:46:08,729 - Функция "protocol_client" вызвана из функции "main()"
2022-02-11 19:46:08,729 - DEBUG - client - Подготовлен запрос "presence" от "98" для отправки серверу 
2022-02-11 19:46:10,734 - DEBUG - client - Отправлен запрос "presence" от "5" серверу 

2022-02-11 19:46:10,743 - Функция "analysis_answer" вызвана из функции "main()"
2022-02-11 19:46:10,743 - DEBUG - client - Получен ответ "200 ОК" от сервера (правильный запрос/JSON-объект). 
2022-02-11 19:46:10,743 - Функция "analysis_answer" вызвана из функции "main()"
2022-02-11 19:46:10,743 - DEBUG - client - Получен ответ "200 ОК" от сервера (правильный запрос/JSON-объект). 
2022-02-11 19:46:19,000 - Функция "protocol_client" вызвана из функции "main()"
2022-02-11 19:46:19,015 - DEBUG - client - Подготовлен запрос "msg" от "98" для отправки серверу 
2022-02-11 19:46:21,028 - DEBUG - client - Отправлено сообщение "msg" от "98" серверу 
2022-02-11 19:46:21,030 - Функция "analysis_answer" вызвана из функции "main()"
2022-02-11 19:46:21,030 - DEBUG - client - Получен ответ "200 ОК" от сервера (правильный запрос/JSON-объект). 
2022-02-11 19:46:31,205 - Функция "protocol_client" вызвана из функции "main()"
2022-02-11 19:46:31,216 - DEBUG - client - Подготовлен запрос "msg" от "5" для отправки серверу 
2022-02-11 19:46:33,222 - DEBUG - client - Отправлено сообщение "msg" от "5" серверу 
2022-02-11 19:46:44,700 - Функция "protocol_client" вызвана из функции "main()"
2022-02-11 19:46:44,709 - DEBUG - client - Подготовлен запрос "quit" от "5" для отправки серверу 
2022-02-11 19:46:46,719 - DEBUG - client - Отправлен запрос "quit" от "5" серверу 
2022-02-11 19:46:46,728 - Функция "analysis_answer" вызвана из функции "main()"
2022-02-11 19:46:46,728 - DEBUG - client - Получен ответ "200 ОК" от сервера (правильный запрос/JSON-объект). 
2022-02-11 19:46:46,728 - WARNING - client - Соединение клиента "5" с сервером закрыто 
