2022-02-11 19:46:08,660 - INFO - server - Запуск сервера - обработка параметров командной строки ... 
2022-02-11 19:46:08,668 - INFO - server - Запущен сервер с параметрами ('127.0.0.1', 7777) 
2022-02-11 19:46:10,735 - DEBUG - server - Получен запрос "presence" от клиента "98"  
2022-02-11 19:46:10,743 - DEBUG - server - Получен запрос "presence" от клиента "5"  
2022-02-11 19:46:10,743 - Функция "protocol_server" вызвана из функции "main()"
2022-02-11 19:46:10,743 - DEBUG - server - Подготовлен ответ "200 ОК" для клиента "98" 
2022-02-11 19:46:10,743 - DEBUG - server - Отправлен ответ "200 ОК" клиенту "5" 
2022-02-11 19:46:10,743 - Функция "protocol_server" вызвана из функции "main()"
2022-02-11 19:46:10,743 - DEBUG - server - Подготовлен ответ "200 ОК" для клиента "5" 
2022-02-11 19:46:10,743 - DEBUG - server - Отправлен ответ "200 ОК" клиенту "5" 
2022-02-11 19:46:21,029 - DEBUG - server - Получен запрос "msg" от клиента "98"  
2022-02-11 19:46:21,029 - Функция "protocol_server" вызвана из функции "main()"
2022-02-11 19:46:21,030 - DEBUG - server - Подготовлен ответ "200 ОК" для клиента "98" 
2022-02-11 19:46:21,030 - DEBUG - server - Отправлен ответ "200 ОК" клиенту "98" 
2022-02-11 19:46:33,223 - DEBUG - server - Получен запрос "msg" от клиента "5"  
2022-02-11 19:46:33,232 - Функция "protocol_server" вызвана из функции "main()"
2022-02-11 19:46:33,232 - DEBUG - server - Подготовлен ответ "200 ОК" для клиента "5" 
2022-02-11 19:46:33,232 - DEBUG - server - Отправлен ответ "200 ОК" клиенту "5" 
2022-02-11 19:46:46,720 - DEBUG - server - Получен запрос "quit" от клиента "5"  
2022-02-11 19:46:46,728 - Функция "protocol_server" вызвана из функции "main()"
2022-02-11 19:46:46,728 - DEBUG - server - Подготовлен ответ "200 ОК" для клиента "5" 
2022-02-11 19:46:46,728 - DEBUG - server - Отправлен ответ "200 ОК" клиенту "5" 
